TN:
SF:App.js
FN:7,App
FNF:1
FNH:0
FNDA:0,App
DA:8,0
DA:21,0
LF:2
LH:0
BRDA:13,0,0,0
BRDA:13,0,1,0
BRDA:14,1,0,0
BRDA:14,1,1,0
BRF:4
BRH:0
end_of_record
TN:
SF:src/componentes/Cartao.js
FN:5,Cartao
FNF:1
FNH:0
FNDA:0,Cartao
DA:6,0
DA:11,0
LF:2
LH:0
BRDA:5,0,0,0
BRF:1
BRH:0
end_of_record
TN:
SF:src/componentes/Icone.js
FN:6,Icone
FN:14,(anonymous_1)
FNF:2
FNH:0
FNDA:0,Icone
FNDA:0,(anonymous_1)
DA:7,0
DA:9,0
DA:14,0
LF:3
LH:0
BRDA:10,0,0,0
BRDA:10,0,1,0
BRDA:16,1,0,0
BRDA:16,1,1,0
BRF:4
BRH:0
end_of_record
TN:
SF:src/hooks/useLeilao.js
FN:8,useLeilao
FN:11,(anonymous_1)
FN:17,(anonymous_2)
FN:43,(anonymous_3)
FNF:4
FNH:4
FNDA:6,useLeilao
FNDA:4,(anonymous_1)
FNDA:4,(anonymous_2)
FNDA:2,(anonymous_3)
DA:9,6
DA:11,6
DA:12,4
DA:13,4
DA:14,4
DA:17,6
DA:18,4
DA:19,4
DA:20,1
DA:23,3
DA:24,3
DA:25,3
DA:26,1
DA:29,2
DA:34,2
DA:35,2
DA:36,1
DA:37,1
DA:40,1
DA:43,6
DA:44,2
DA:47,6
LF:22
LH:22
BRDA:19,0,0,1
BRDA:19,0,1,3
BRDA:25,1,0,1
BRDA:25,1,1,2
BRDA:35,2,0,1
BRDA:35,2,1,1
BRF:6
BRH:6
end_of_record
TN:
SF:src/hooks/useListaLeiloes.js
FN:4,useListaLeiloes
FN:7,(anonymous_1)
FN:12,(anonymous_2)
FNF:3
FNH:3
FNDA:3,useListaLeiloes
FNDA:2,(anonymous_1)
FNDA:1,(anonymous_2)
DA:5,3
DA:7,3
DA:8,2
DA:9,2
DA:12,3
DA:13,1
DA:16,3
LF:7
LH:7
BRF:0
BRH:0
end_of_record
TN:
SF:src/negocio/constantes/estadosLance.js
FNF:0
FNH:0
DA:1,3
DA:2,3
DA:3,3
DA:4,3
DA:5,3
DA:6,3
LF:6
LH:6
BRF:0
BRH:0
end_of_record
TN:
SF:src/negocio/formatadores/lance.js
FN:1,formataMaiorLanceDoLeilao
FN:2,(anonymous_1)
FNF:2
FNH:2
FNDA:1,formataMaiorLanceDoLeilao
FNDA:4,(anonymous_1)
DA:2,1
DA:3,4
DA:6,1
LF:3
LH:3
BRDA:3,0,0,2
BRDA:3,0,1,2
BRF:2
BRH:2
end_of_record
TN:
SF:src/negocio/formatadores/moeda.js
FN:1,formataDecimalParaReal
FN:8,formataBrasileiroParaDecimal
FNF:2
FNH:2
FNDA:1,formataDecimalParaReal
FNDA:4,formataBrasileiroParaDecimal
DA:2,1
DA:9,4
DA:10,4
LF:3
LH:3
BRF:0
BRH:0
end_of_record
TN:
SF:src/negocio/validadores/lance.js
FN:8,validaFormatoNumericoDoLance
FN:16,validaLance
FN:31,validaLanceMaiorOuIgualAoInicial
FN:39,validaLanceMaiorQueLances
FN:40,(anonymous_4)
FNF:5
FNH:5
FNDA:6,validaFormatoNumericoDoLance
FNDA:4,validaLance
FNDA:4,validaLanceMaiorOuIgualAoInicial
FNDA:4,validaLanceMaiorQueLances
FNDA:4,(anonymous_4)
DA:9,6
DA:10,4
DA:13,2
DA:17,4
DA:18,4
DA:20,4
DA:21,2
DA:24,2
DA:25,0
DA:28,2
DA:32,4
DA:33,3
DA:36,1
DA:40,4
DA:41,4
DA:42,2
DA:45,2
LF:17
LH:16
BRDA:9,0,0,4
BRDA:9,0,1,2
BRDA:20,1,0,2
BRDA:20,1,1,2
BRDA:24,2,0,0
BRDA:24,2,1,2
BRDA:32,3,0,3
BRDA:32,3,1,1
BRDA:39,4,0,0
BRDA:41,5,0,2
BRDA:41,5,1,2
BRF:11
BRH:9
end_of_record
TN:
SF:src/repositorio/lance.js
FN:3,obtemLancesDoLeilao
FN:12,adicionaLance
FNF:2
FNH:2
FNDA:2,obtemLancesDoLeilao
FNDA:2,adicionaLance
DA:4,2
DA:5,2
DA:6,1
DA:8,1
DA:13,2
DA:14,2
DA:15,1
DA:17,1
LF:8
LH:8
BRF:0
BRH:0
end_of_record
TN:
SF:src/repositorio/leilao.js
FN:3,obtemLeiloes
FN:12,obtemLeilao
FNF:2
FNH:2
FNDA:2,obtemLeiloes
FNDA:2,obtemLeilao
DA:4,2
DA:5,2
DA:6,1
DA:8,1
DA:13,2
DA:14,2
DA:15,1
DA:17,1
LF:8
LH:8
BRF:0
BRH:0
end_of_record
TN:
SF:src/rotas/AppRotas.js
FN:10,AppRotas
FNF:1
FNH:0
FNDA:0,AppRotas
DA:8,0
DA:11,0
LF:2
LH:0
BRF:0
BRH:0
end_of_record
TN:
SF:src/servicos/apiLeiloes.js
FNF:0
FNH:0
DA:4,5
LF:1
LH:1
BRF:0
BRH:0
end_of_record
TN:
SF:src/telas/Leilao/index.js
FN:10,Leilao
FN:17,(anonymous_1)
FN:25,(anonymous_2)
FN:38,(anonymous_3)
FN:39,(anonymous_4)
FN:40,(anonymous_5)
FNF:6
FNH:0
FNDA:0,Leilao
FNDA:0,(anonymous_1)
FNDA:0,(anonymous_2)
FNDA:0,(anonymous_3)
FNDA:0,(anonymous_4)
FNDA:0,(anonymous_5)
DA:11,0
DA:12,0
DA:14,0
DA:15,0
DA:17,0
DA:18,0
DA:19,0
DA:20,0
DA:22,0
DA:25,0
DA:26,0
DA:27,0
DA:28,0
DA:31,0
DA:32,0
DA:35,0
DA:38,0
DA:39,0
DA:40,0
DA:49,0
LF:20
LH:0
BRDA:19,0,0,0
BRDA:19,0,1,0
BRDA:31,1,0,0
BRDA:31,1,1,0
BRF:4
BRH:0
end_of_record
TN:
SF:src/telas/Leilao/componentes/EnviaLance.js
FN:7,(anonymous_0)
FN:15,(anonymous_1)
FN:53,(anonymous_2)
FNF:3
FNH:3
FNDA:6,(anonymous_0)
FNDA:1,(anonymous_1)
FNDA:6,(anonymous_2)
DA:7,1
DA:8,6
DA:9,6
DA:10,6
DA:11,6
DA:13,6
DA:15,6
DA:16,1
DA:17,1
DA:18,1
DA:20,1
DA:22,1
DA:23,1
DA:24,1
DA:26,0
DA:29,1
DA:32,6
DA:53,6
LF:18
LH:17
BRDA:22,0,0,1
BRDA:22,0,1,0
BRDA:33,1,0,6
BRDA:33,1,1,0
BRDA:34,2,0,6
BRDA:34,2,1,2
BRDA:85,3,0,0
BRDA:85,3,1,6
BRDA:86,4,0,0
BRDA:86,4,1,6
BRF:10
BRH:6
end_of_record
TN:
SF:src/telas/Leilao/componentes/Lance.js
FN:9,Lance
FNF:1
FNH:0
FNDA:0,Lance
DA:10,0
DA:20,0
LF:2
LH:0
BRF:0
BRH:0
end_of_record
TN:
SF:src/telas/Leilao/componentes/Topo.js
FN:9,Topo
FNF:1
FNH:0
FNDA:0,Topo
DA:10,0
DA:12,0
DA:32,0
LF:3
LH:0
BRF:0
BRH:0
end_of_record
TN:
SF:src/telas/ListaLeiloes/index.js
FN:7,ListaLeiloes
FN:11,(anonymous_1)
FN:20,(anonymous_2)
FN:21,(anonymous_3)
FNF:4
FNH:0
FNDA:0,ListaLeiloes
FNDA:0,(anonymous_1)
FNDA:0,(anonymous_2)
FNDA:0,(anonymous_3)
DA:8,0
DA:9,0
DA:11,0
DA:12,0
DA:13,0
DA:14,0
DA:17,0
DA:20,0
DA:21,0
DA:29,0
LF:10
LH:0
BRF:0
BRH:0
end_of_record
TN:
SF:src/telas/ListaLeiloes/componentes/Leilao.js
FN:10,Leilao
FN:15,(anonymous_1)
FNF:2
FNH:0
FNDA:0,Leilao
FNDA:0,(anonymous_1)
DA:11,0
DA:13,0
DA:15,0
DA:31,0
LF:4
LH:0
BRF:0
BRH:0
end_of_record
